<?xml version="1.0" encoding="UTF-8"?>
<testsuite name="As a user, I need to update a customer in the store's customer service" tests="1" skipped="0" failures="1" errors="0" timestamp="2024-11-08T04:15:31" hostname="LAPTOP-NDELRLE7" time="0.61">
  <properties/>
  <testcase name="update an existing customer successfully" classname="As a user, I need to update a customer in the store's customer service" time="0.61">
    <failure message="java.lang.AssertionError: 1 expectation failed.&#10;Expected status code &lt;200&gt; but was &lt;404&gt;.&#10;" type="java.lang.AssertionError">java.lang.AssertionError: 1 expectation failed.
Expected status code &lt;200&gt; but was &lt;404&gt;.

	at net.serenitybdd.screenplay.ErrorTally.throwSummaryExceptionFrom(ErrorTally.java:38)
	at net.serenitybdd.screenplay.ErrorTally.reportAnyErrors(ErrorTally.java:32)
	at net.serenitybdd.screenplay.Actor.should(Actor.java:397)
	at co.com.udea.certificacion.busquedavuelosa.stepdefinitions.UpdateCustomerStepDefinition.theResponseStatusCodeShouldBe200(UpdateCustomerStepDefinition.java:35)
	at âœ½.The response status code should be 200(file:///C:/Users/Nicolas/Desktop/Universidad/UdeA/Semestre%202024-2/Calidad/ScreenPlay/rest-api-automation-screenplay/src/test/resources/features/update_customer.feature:9)
</failure>
  </testcase>
  <system-out><![CDATA[]]></system-out>
  <system-err><![CDATA[[Test worker] INFO  - 
  _____   ___   ___   _____     ___   _____     _     ___   _____   ___   ___  
 |_   _| | __| / __| |_   _|   / __| |_   _|   /_\   | _ \ |_   _| | __| |   \ 
   | |   | _|  \__ \   | |     \__ \   | |    / _ \  |   /   | |   | _|  | |) |
   |_|   |___| |___/   |_|     |___/   |_|   /_/ \_\ |_|_\   |_|   |___| |___/ 

update an existing customer successfully(as-a-user--i-need-to-update-a-customer-in-the-store-s-customer-service;update-an-existing-customer-successfully)
--------------------------------------------------------------------------------
[Test worker] ERROR  - 
  _____   ___   ___   _____     ___     _     ___   _      ___   ___  
 |_   _| | __| / __| |_   _|   | __|   /_\   |_ _| | |    | __| |   \ 
   | |   | _|  \__ \   | |     | _|   / _ \   | |  | |__  | _|  | |) |
   |_|   |___| |___/   |_|     |_|   /_/ \_\ |___| |____| |___| |___/ 

update an existing customer successfully
-----------------------------------------------------------------------
[Test worker] ERROR  -     Test failed at step: A valid response is returned
[Test worker] ERROR  -     1 expectation failed.Expected status code <200> but was <404>.
]]></system-err>
</testsuite>
