<?xml version="1.0" encoding="UTF-8"?>
<testsuite name="As a user, I need to create a customer in the store's customer service" tests="2" skipped="0" failures="1" errors="0" timestamp="2024-11-08T18:16:14" hostname="LAPTOP-NDELRLE7" time="5.523">
  <properties/>
  <testcase name="create a new customer successfully" classname="As a user, I need to create a customer in the store's customer service" time="4.736"/>
  <testcase name="Attempt to create a customer with all fields empty" classname="As a user, I need to create a customer in the store's customer service" time="0.787">
    <failure message="java.lang.AssertionError: 1 expectation failed.&#10;Expected status code &lt;400&gt; but was &lt;201&gt;.&#10;" type="java.lang.AssertionError">java.lang.AssertionError: 1 expectation failed.
Expected status code &lt;400&gt; but was &lt;201&gt;.

	at net.serenitybdd.screenplay.ErrorTally.throwSummaryExceptionFrom(ErrorTally.java:38)
	at net.serenitybdd.screenplay.ErrorTally.reportAnyErrors(ErrorTally.java:32)
	at net.serenitybdd.screenplay.Actor.should(Actor.java:397)
	at co.com.udea.certificacion.busquedavuelosa.stepdefinitions.CreateCustomerStepDefinition.theCreateResponseStatusCodeShouldBe(CreateCustomerStepDefinition.java:53)
	at âœ½.The create response status code should be 400(file:///C:/Users/Nicolas/Desktop/Universidad/UdeA/Semestre%202024-2/Calidad/ProyectosScreenPlay/01/rest-api-automation-screenplay/src/test/resources/features/create_customer.feature:19)
</failure>
  </testcase>
  <system-out><![CDATA[]]></system-out>
  <system-err><![CDATA[[Test worker] INFO  - 
  _____   ___   ___   _____     ___   _____     _     ___   _____   ___   ___  
 |_   _| | __| / __| |_   _|   / __| |_   _|   /_\   | _ \ |_   _| | __| |   \ 
   | |   | _|  \__ \   | |     \__ \   | |    / _ \  |   /   | |   | _|  | |) |
   |_|   |___| |___/   |_|     |___/   |_|   /_/ \_\ |_|_\   |_|   |___| |___/ 

create a new customer successfully(as-a-user--i-need-to-create-a-customer-in-the-store-s-customer-service;create-a-new-customer-successfully)
--------------------------------------------------------------------------------
[Test worker] INFO  - 
  _____   ___   ___   _____     ___     _     ___   ___   ___   ___  
 |_   _| | __| / __| |_   _|   | _ \   /_\   / __| / __| | __| |   \ 
   | |   | _|  \__ \   | |     |  _/  / _ \  \__ \ \__ \ | _|  | |) |
   |_|   |___| |___/   |_|     |_|   /_/ \_\ |___/ |___/ |___| |___/ 

create a new customer successfully
----------------------------------------------------------------------
[Test worker] INFO  - 
  _____   ___   ___   _____     ___   _____     _     ___   _____   ___   ___  
 |_   _| | __| / __| |_   _|   / __| |_   _|   /_\   | _ \ |_   _| | __| |   \ 
   | |   | _|  \__ \   | |     \__ \   | |    / _ \  |   /   | |   | _|  | |) |
   |_|   |___| |___/   |_|     |___/   |_|   /_/ \_\ |_|_\   |_|   |___| |___/ 

Attempt to create a customer with all fields empty(as-a-user--i-need-to-create-a-customer-in-the-store-s-customer-service;attempt-to-create-a-customer-with-all-fields-empty)
--------------------------------------------------------------------------------
[Test worker] ERROR  - 
  _____   ___   ___   _____     ___     _     ___   _      ___   ___  
 |_   _| | __| / __| |_   _|   | __|   /_\   |_ _| | |    | __| |   \ 
   | |   | _|  \__ \   | |     | _|   / _ \   | |  | |__  | _|  | |) |
   |_|   |___| |___/   |_|     |_|   /_/ \_\ |___| |____| |___| |___/ 

Attempt to create a customer with all fields empty
-----------------------------------------------------------------------
[Test worker] ERROR  -     Test failed at step: A valid response is returned
[Test worker] ERROR  -     1 expectation failed.Expected status code <400> but was <201>.
]]></system-err>
</testsuite>
